<?xml version="1.0" encoding="UTF-8"?>
<testng-results skipped="0" failed="0" total="1" passed="1">
  <reporter-output>
  </reporter-output>
  <suite name="Default suite" duration-ms="183997" started-at="2019-01-08T10:47:38Z" finished-at="2019-01-08T10:50:42Z">
    <groups>
    </groups>
    <test name="Default test" duration-ms="183997" started-at="2019-01-08T10:47:38Z" finished-at="2019-01-08T10:50:42Z">
      <class name="amazon.selenium.script.Verifyvalidlogin">
        <test-method status="PASS" signature="precondition()[pri:0, instance:amazon.selenium.script.Verifyvalidlogin@55f3ddb1]" name="precondition" is-config="true" duration-ms="45238" started-at="2019-01-08T16:17:38Z" finished-at="2019-01-08T16:18:23Z">
          <reporter-output>
          </reporter-output>
        </test-method> <!-- precondition -->
        <test-method status="PASS" signature="verifyvalidlogin()[pri:0, instance:amazon.selenium.script.Verifyvalidlogin@55f3ddb1]" name="verifyvalidlogin" duration-ms="136929" started-at="2019-01-08T16:18:23Z" finished-at="2019-01-08T16:20:40Z">
          <reporter-output>
          </reporter-output>
        </test-method> <!-- verifyvalidlogin -->
        <test-method status="PASS" signature="postcondition()[pri:0, instance:amazon.selenium.script.Verifyvalidlogin@55f3ddb1]" name="postcondition" is-config="true" duration-ms="1811" started-at="2019-01-08T16:20:40Z" finished-at="2019-01-08T16:20:42Z">
          <reporter-output>
          </reporter-output>
        </test-method> <!-- postcondition -->
      </class> <!-- amazon.selenium.script.Verifyvalidlogin -->
    </test> <!-- Default test -->
  </suite> <!-- Default suite -->
</testng-results>
